<?xml version="1.0" encoding="UTF-8"?>
<!-- Generated by org.testng.reporters.JUnitXMLReporter -->
<testsuite ignored="0" hostname="V-DEV03" failures="0" tests="4" name="LMM_ND_Test" time="0.038" errors="0" timestamp="2023-03-06T11:13:10 IST">
  <testcase classname="beforeTest.Bfr_Any_Test" name="@BeforeSuite bfr_Any_Test" time="11.303">
    <failure type="org.openqa.selenium.ElementClickInterceptedException" message="Element &amp;lt;button id=&amp;quot;login&amp;quot; class=&amp;quot;MuiButtonBase-root MuiButton-root MuiButton-contained makeStyles-submit-11 MuiButton-fullWidth&amp;quot; name=&amp;quot;login&amp;quot; type=&amp;quot;button&amp;quot;&amp;gt; is not clickable at point (1266,505) because another element &amp;lt;div class=&amp;quot;MuiBackdrop-root makeStyles-backdrop-13&amp;quot;&amp;gt; obscures it
Build info: version: &amp;apos;4.1.2&amp;apos;, revision: &amp;apos;9a5a329c5a&amp;apos;
System info: host: &amp;apos;V-DEV03&amp;apos;, ip: &amp;apos;192.168.1.13&amp;apos;, os.name: &amp;apos;Windows 10&amp;apos;, os.arch: &amp;apos;amd64&amp;apos;, os.version: &amp;apos;10.0&amp;apos;, java.version: &amp;apos;17.0.5&amp;apos;
Driver info: org.openqa.selenium.firefox.FirefoxDriver
Command: [0a0b4798-8e0c-4360-83b8-52f8f7101b79, clickElement {id=f9ed5c3d-adf8-4adb-a5db-fc6ab0a0b5ec}]
Capabilities {acceptInsecureCerts: true, browserName: firefox, browserVersion: 109.0, javascriptEnabled: true, moz:accessibilityChecks: false, moz:buildID: 20230112150232, moz:debuggerAddress: 127.0.0.1:52874, moz:geckodriverVersion: 0.32.0, moz:headless: false, moz:platformVersion: 10.0, moz:processID: 12036, moz:profile: C:\Users\dineshk\AppData\Lo..., moz:shutdownTimeout: 60000, moz:useNonSpecCompliantPointerOrigin: false, moz:webdriverClick: true, moz:windowless: false, pageLoadStrategy: normal, platform: WINDOWS, platformName: WINDOWS, proxy: Proxy(), se:cdp: ws://127.0.0.1:52874/devtoo..., se:cdpVersion: 85.0, setWindowRect: true, strictFileInteractability: false, timeouts: {implicit: 0, pageLoad: 300000, script: 30000}, unhandledPromptBehavior: dismiss and notify}
Element: [[FirefoxDriver: firefox on WINDOWS (0a0b4798-8e0c-4360-83b8-52f8f7101b79)] -&amp;gt; xpath: //*[@id=&amp;quot;login&amp;quot;]]
Session ID: 0a0b4798-8e0c-4360-83b8-52f8f7101b79">
      <![CDATA[org.openqa.selenium.ElementClickInterceptedException: Element <button id="login" class="MuiButtonBase-root MuiButton-root MuiButton-contained makeStyles-submit-11 MuiButton-fullWidth" name="login" type="button"> is not clickable at point (1266,505) because another element <div class="MuiBackdrop-root makeStyles-backdrop-13"> obscures it
Build info: version: '4.1.2', revision: '9a5a329c5a'
System info: host: 'V-DEV03', ip: '192.168.1.13', os.name: 'Windows 10', os.arch: 'amd64', os.version: '10.0', java.version: '17.0.5'
Driver info: org.openqa.selenium.firefox.FirefoxDriver
Command: [0a0b4798-8e0c-4360-83b8-52f8f7101b79, clickElement {id=f9ed5c3d-adf8-4adb-a5db-fc6ab0a0b5ec}]
Capabilities {acceptInsecureCerts: true, browserName: firefox, browserVersion: 109.0, javascriptEnabled: true, moz:accessibilityChecks: false, moz:buildID: 20230112150232, moz:debuggerAddress: 127.0.0.1:52874, moz:geckodriverVersion: 0.32.0, moz:headless: false, moz:platformVersion: 10.0, moz:processID: 12036, moz:profile: C:\Users\dineshk\AppData\Lo..., moz:shutdownTimeout: 60000, moz:useNonSpecCompliantPointerOrigin: false, moz:webdriverClick: true, moz:windowless: false, pageLoadStrategy: normal, platform: WINDOWS, platformName: WINDOWS, proxy: Proxy(), se:cdp: ws://127.0.0.1:52874/devtoo..., se:cdpVersion: 85.0, setWindowRect: true, strictFileInteractability: false, timeouts: {implicit: 0, pageLoad: 300000, script: 30000}, unhandledPromptBehavior: dismiss and notify}
Element: [[FirefoxDriver: firefox on WINDOWS (0a0b4798-8e0c-4360-83b8-52f8f7101b79)] -> xpath: //*[@id="login"]]
Session ID: 0a0b4798-8e0c-4360-83b8-52f8f7101b79
at org.openqa.selenium.remote.codec.w3c.W3CHttpResponseCodec.createException(W3CHttpResponseCodec.java:200)
at org.openqa.selenium.remote.codec.w3c.W3CHttpResponseCodec.decode(W3CHttpResponseCodec.java:133)
at org.openqa.selenium.remote.codec.w3c.W3CHttpResponseCodec.decode(W3CHttpResponseCodec.java:53)
at org.openqa.selenium.remote.HttpCommandExecutor.execute(HttpCommandExecutor.java:184)
at org.openqa.selenium.remote.service.DriverCommandExecutor.invokeExecute(DriverCommandExecutor.java:167)
at org.openqa.selenium.remote.service.DriverCommandExecutor.execute(DriverCommandExecutor.java:142)
at org.openqa.selenium.remote.RemoteWebDriver.execute(RemoteWebDriver.java:558)
at org.openqa.selenium.remote.RemoteWebElement.execute(RemoteWebElement.java:251)
at org.openqa.selenium.remote.RemoteWebElement.click(RemoteWebElement.java:77)
at beforeTest.Login.login(Login.java:78)
at beforeTest.Bfr_Any_Test.bfr_Any_Test(Bfr_Any_Test.java:29)
... Removed 24 stack frames]]>
    </failure>
  </testcase> <!-- @BeforeSuite bfr_Any_Test -->
  <testcase classname="beforeTest.Bfr_Any_Test" name="@BeforeTest bfr_LMM_Test" time="-1.678081390225E9">
    <skipped/>
  </testcase> <!-- @BeforeTest bfr_LMM_Test -->
  <testcase classname="marketTypesTest.LMM.LMM_ND_Test_Save_Edit" name="newModeInputs" time="0.0">
    <skipped/>
  </testcase> <!-- newModeInputs -->
  <testcase classname="marketTypesTest.LMM.LMM_ND_Test_Save_Edit" name="newModeInputsVerify" time="0.001">
    <skipped/>
  </testcase> <!-- newModeInputsVerify -->
  <testcase classname="marketTypesTest.LMM.LMM_ND_Test_Save_Edit" name="editModeInputs" time="0.0">
    <skipped/>
  </testcase> <!-- editModeInputs -->
  <testcase classname="marketTypesTest.LMM.LMM_ND_Test_Save_Edit" name="editModeInputsVerify" time="0.0">
    <skipped/>
  </testcase> <!-- editModeInputsVerify -->
</testsuite> <!-- LMM_ND_Test -->
