<?xml version="1.0" encoding="UTF-8"?>
<!-- Generated by org.testng.reporters.JUnitXMLReporter -->
<testsuite ignored="0" hostname="V-DEV03" failures="0" tests="4" name="LMM_ND_Test" time="155.493" errors="0" timestamp="2023-03-10T17:13:50 IST">
  <testcase classname="marketTypes.testLMM.LMM_ND_Test_Save_Edit" name="newModeInputs" time="71.011"/>
  <testcase classname="marketTypes.testLMM.LMM_ND_Test_Save_Edit" name="newModeInputsVerify" time="16.223"/>
  <testcase classname="marketTypes.testLMM.LMM_ND_Test_Save_Edit" name="editModeInputs" time="53.035"/>
  <testcase classname="marketTypes.testLMM.LMM_ND_Test_Save_Edit" name="editModeInputsVerify" time="14.758"/>
</testsuite> <!-- LMM_ND_Test -->
