<?xml version="1.0" encoding="UTF-8"?>
<!-- Generated by org.testng.reporters.JUnitXMLReporter -->
<testsuite ignored="0" hostname="V-DEV03" failures="0" tests="4" name="LMM_ND_Test" time="135.12" errors="0" timestamp="2023-03-07T15:46:47 IST">
  <testcase classname="marketTypesTest.LMM.LMM_ND_Test_Save_Edit" name="newModeInputs" time="57.328"/>
  <testcase classname="marketTypesTest.LMM.LMM_ND_Test_Save_Edit" name="newModeInputsVerify" time="14.731"/>
  <testcase classname="marketTypesTest.LMM.LMM_ND_Test_Save_Edit" name="editModeInputs" time="49.515"/>
  <testcase classname="marketTypesTest.LMM.LMM_ND_Test_Save_Edit" name="editModeInputsVerify" time="13.036"/>
</testsuite> <!-- LMM_ND_Test -->
