<?xml version="1.0" encoding="UTF-8"?>
<!-- Generated by org.testng.reporters.JUnitXMLReporter -->
<testsuite ignored="0" hostname="V-DEV03" failures="0" tests="4" name="LMM_ND_Test" time="123.133" errors="0" timestamp="2023-03-10T09:49:42 IST">
  <testcase classname="marketTypes.testLMM.LMM_ND_Test_Save_Edit" name="newModeInputs" time="53.224"/>
  <testcase classname="marketTypes.testLMM.LMM_ND_Test_Save_Edit" name="newModeInputsVerify" time="12.49"/>
  <testcase classname="marketTypes.testLMM.LMM_ND_Test_Save_Edit" name="editModeInputs" time="45.549"/>
  <testcase classname="marketTypes.testLMM.LMM_ND_Test_Save_Edit" name="editModeInputsVerify" time="11.391"/>
</testsuite> <!-- LMM_ND_Test -->
